2021-11-20 19:18:42.592 [main] INFO  FileAppender - ссылки https://lenta.ru/
 Threda name : main
2021-11-20 19:18:42.609 [main] INFO  FileAppender - ссылки 	https://lenta.ru/
 Threda name : main
2021-11-20 19:18:42.609 [main] INFO  FileAppender - ссылки 	https://lenta.ru/rubrics/russia/
 Threda name : main
2021-11-20 19:18:42.609 [main] INFO  FileAppender - ссылки 	https://lenta.ru/rubrics/world/
 Threda name : main
2021-11-20 19:18:42.609 [main] INFO  FileAppender - ссылки 	https://lenta.ru/rubrics/ussr/
 Threda name : main
2021-11-20 19:18:42.613 [main] INFO  FileAppender - ссылки 	https://lenta.ru/rubrics/economics/
 Threda name : main
2021-11-20 19:18:42.613 [main] INFO  FileAppender - ссылки 	https://lenta.ru/rubrics/forces/
 Threda name : main
2021-11-20 19:18:42.614 [main] INFO  FileAppender - ссылки 	https://lenta.ru/rubrics/science/
 Threda name : main
2021-11-20 19:18:42.615 [main] INFO  FileAppender - ссылки 	https://lenta.ru/rubrics/culture/
 Threda name : main
2021-11-20 19:18:42.616 [main] INFO  FileAppender - ссылки 	https://lenta.ru/rubrics/sport/
 Threda name : main
2021-11-20 19:18:42.617 [main] INFO  FileAppender - ссылки 	https://lenta.ru/rubrics/media/
 Threda name : main
2021-11-20 19:18:42.618 [main] INFO  FileAppender - ссылки 	https://lenta.ru/rubrics/style/
 Threda name : main
2021-11-20 19:18:42.619 [main] INFO  FileAppender - ссылки 	https://lenta.ru/rubrics/travel/
 Threda name : main
2021-11-20 19:18:42.619 [main] INFO  FileAppender - ссылки 	https://lenta.ru/rubrics/life/
 Threda name : main
2021-11-20 19:18:42.619 [main] INFO  FileAppender - ссылки 	https://lenta.ru/rubrics/realty/
 Threda name : main
2021-11-20 19:18:42.621 [main] INFO  FileAppender - ссылки 	https://lenta.ru/auth/
 Threda name : main
2021-11-20 19:18:42.623 [main] INFO  FileAppender - ссылки 	https://lenta.ru/parts/text/
 Threda name : main
2021-11-20 19:18:42.624 [main] INFO  FileAppender - ссылки 	https://lenta.ru/parts/photo/
 Threda name : main
2021-11-20 19:18:42.625 [main] INFO  FileAppender - ссылки 	https://lenta.ru/parts/video/
 Threda name : main
2021-11-20 19:18:42.625 [main] INFO  FileAppender - ссылки 	https://lenta.ru/specprojects/editor_choice/
 Threda name : main
2021-11-20 19:18:42.625 [main] INFO  FileAppender - ссылки 	https://lenta.ru/news/2021/11/20/lukash/
 Threda name : main
2021-11-20 19:18:42.625 [main] INFO  FileAppender - ссылки 	https://lenta.ru/my/dashboard
 Threda name : main
2021-11-20 19:18:42.627 [main] INFO  FileAppender - ссылки 	https://lenta.ru/news/2021/11/20/signaly/
 Threda name : main
2021-11-20 19:18:42.628 [main] INFO  FileAppender - ссылки 	https://lenta.ru/news/2021/11/20/preside/
 Threda name : main
2021-11-20 19:18:42.629 [main] INFO  FileAppender - ссылки 	https://lenta.ru/news/2021/11/20/lloyd/
 Threda name : main
2021-11-20 19:18:42.630 [main] INFO  FileAppender - ссылки 	https://lenta.ru/news/2021/11/20/somali/
 Threda name : main
2021-11-20 19:18:42.632 [main] INFO  FileAppender - ссылки 	https://lenta.ru/news/2021/11/20/dagestan/
 Threda name : main
2021-11-20 19:18:42.633 [main] INFO  FileAppender - ссылки 	https://lenta.ru/news/2021/11/20/saakash/
 Threda name : main
2021-11-20 19:18:42.633 [main] INFO  FileAppender - ссылки 	https://lenta.ru/news/2021/11/20/gazele/
 Threda name : main
2021-11-20 19:18:42.634 [main] INFO  FileAppender - ссылки 	https://lenta.ru/parts/news/
 Threda name : main
2021-11-20 19:18:42.635 [main] INFO  FileAppender - ссылки 	https://lenta.ru/articles/2021/11/20/garkalinrip/
 Threda name : main
2021-11-20 19:18:42.636 [main] INFO  FileAppender - ссылки 	https://lenta.ru/articles/2021/11/20/harrypotter_20/
 Threda name : main
2021-11-20 19:18:42.636 [main] INFO  FileAppender - ссылки 	https://lenta.ru/extlink/2021/11/20/dtpnakutuz/
 Threda name : main
2021-11-20 19:18:42.638 [main] INFO  FileAppender - ссылки 	https://lenta.ru/articles/2021/11/19/immigrantlife/
 Threda name : main
2021-11-20 19:18:42.639 [main] INFO  FileAppender - ссылки 	https://lenta.ru/news/2021/11/20/posilka/
 Threda name : main
2021-11-20 19:18:42.639 [main] INFO  FileAppender - ссылки 	https://lenta.ru/news/2021/11/20/tusk/
 Threda name : main
2021-11-20 19:18:42.640 [main] INFO  FileAppender - ссылки 	https://lenta.ru/rubrics/nornickel/
 Threda name : main
2021-11-20 19:18:42.641 [main] INFO  FileAppender - ссылки 	https://lenta.ru/articles/2021/11/20/kraynii_sever/
 Threda name : main
2021-11-20 19:18:42.642 [main] INFO  FileAppender - ссылки 	https://lenta.ru/news/2021/11/20/novikov/
 Threda name : main
2021-11-20 19:18:42.643 [main] INFO  FileAppender - ссылки 	https://lenta.ru/news/2021/11/20/man_u/
 Threda name : main
2021-11-20 19:18:42.644 [main] INFO  FileAppender - ссылки 	https://lenta.ru/extlink/2021/11/19/sloooshai_moskva/
 Threda name : main
2021-11-20 19:18:42.645 [main] INFO  FileAppender - ссылки 	https://lenta.ru/news/2021/11/20/dtpspisok/
 Threda name : main
2021-11-20 19:18:42.645 [main] INFO  FileAppender - ссылки 	https://lenta.ru/news/2021/11/20/prokuratura/
 Threda name : main
2021-11-20 19:18:42.646 [main] INFO  FileAppender - ссылки 	https://lenta.ru/news/2021/11/20/ae/
 Threda name : main
2021-11-20 19:18:42.646 [main] INFO  FileAppender - ссылки 	https://lenta.ru/articles/2021/11/19/four_days_for_everyone/
 Threda name : main
2021-11-20 19:18:42.648 [main] INFO  FileAppender - ссылки 	https://lenta.ru/news/2021/11/20/hodges/
 Threda name : main
2021-11-20 19:18:42.650 [main] INFO  FileAppender - ссылки 	https://lenta.ru/news/2021/11/20/otvet/
 Threda name : main
2021-11-20 19:18:42.650 [main] INFO  FileAppender - ссылки 	https://lenta.ru/articles/2021/11/19/pivo/
 Threda name : main
2021-11-20 19:18:42.651 [main] INFO  FileAppender - ссылки 	https://lenta.ru/news/2021/11/20/antibodies/
 Threda name : main
2021-11-20 19:18:42.652 [main] INFO  FileAppender - ссылки 	https://lenta.ru/news/2021/11/20/est/
 Threda name : main
2021-11-20 19:18:42.652 [main] INFO  FileAppender - ссылки 	https://lenta.ru/brief/2021/11/18/rashkin_and_elk/
 Threda name : main
2021-11-20 19:18:42.653 [main] INFO  FileAppender - ссылки 	https://lenta.ru/news/2021/11/20/china_scandal/
 Threda name : main
2021-11-20 19:18:42.653 [main] INFO  FileAppender - ссылки 	https://lenta.ru/news/2021/11/20/znak/
 Threda name : main
2021-11-20 19:18:42.653 [main] INFO  FileAppender - ссылки 	https://lenta.ru/articles/2021/11/18/minsk/
 Threda name : main
2021-11-20 19:18:42.655 [main] INFO  FileAppender - ссылки 	https://lenta.ru/news/2021/11/20/ibragimov/
 Threda name : main
2021-11-20 19:18:42.655 [main] INFO  FileAppender - ссылки 	https://lenta.ru/news/2021/11/20/malovato/
 Threda name : main
2021-11-20 19:18:42.656 [main] INFO  FileAppender - ссылки 	https://lenta.ru/news/2021/11/20/zaharova/
 Threda name : main
2021-11-20 19:18:42.656 [main] INFO  FileAppender - ссылки 	https://lenta.ru/news/2021/11/20/cause/
 Threda name : main
2021-11-20 19:18:42.657 [main] INFO  FileAppender - ссылки 	https://lenta.ru/articles/2021/11/17/gas/
 Threda name : main
2021-11-20 19:18:42.657 [main] INFO  FileAppender - ссылки 	https://lenta.ru/news/2021/11/20/pomolchim/
 Threda name : main
2021-11-20 19:18:42.658 [main] INFO  FileAppender - ссылки 	https://lenta.ru/news/2021/11/20/morozjuk/
 Threda name : main
2021-11-20 19:18:42.658 [main] INFO  FileAppender - ссылки 	https://lenta.ru/news/2021/11/20/mozhno/
 Threda name : main
2021-11-20 19:18:42.658 [main] INFO  FileAppender - ссылки 	https://lenta.ru/news/2021/11/20/b61/
 Threda name : main
2021-11-20 19:18:42.659 [main] INFO  FileAppender - ссылки 	https://lenta.ru/articles/2021/11/18/khatulevhockey/
 Threda name : main
2021-11-20 19:18:42.659 [main] INFO  FileAppender - ссылки 	https://lenta.ru/articles/2021/11/20/emomali/
 Threda name : main
2021-11-20 19:18:42.660 [main] INFO  FileAppender - ссылки 	https://lenta.ru/news/2021/11/20/spa_kra/
 Threda name : main
2021-11-20 19:18:42.661 [main] INFO  FileAppender - ссылки 	https://lenta.ru/articles/2021/11/19/v_r/
 Threda name : main
2021-11-20 19:18:42.661 [main] INFO  FileAppender - ссылки 	https://lenta.ru/news/2021/11/20/aguero/
 Threda name : main
2021-11-20 19:18:42.662 [main] INFO  FileAppender - ссылки 	https://lenta.ru/brief/2021/11/19/marina_khlebnikova/
 Threda name : main
2021-11-20 19:18:42.662 [main] INFO  FileAppender - ссылки 	https://lenta.ru/news/2021/11/20/buducnost/
 Threda name : main
2021-11-20 19:18:42.663 [main] INFO  FileAppender - ссылки 	https://lenta.ru/articles/2021/11/19/vr/
 Threda name : main
2021-11-20 19:18:42.664 [main] INFO  FileAppender - ссылки 	https://lenta.ru/news/2021/11/20/occupation/
 Threda name : main
2021-11-20 19:18:42.664 [main] INFO  FileAppender - ссылки 	https://lenta.ru/articles/2021/11/19/tigerking2/
 Threda name : main
2021-11-20 19:18:42.665 [main] INFO  FileAppender - ссылки 	https://lenta.ru/news/2021/11/20/zhenih_shougu/
 Threda name : main
2021-11-20 19:18:42.665 [main] INFO  FileAppender - ссылки 	https://lenta.ru/articles/2021/11/18/duelistka/
 Threda name : main
2021-11-20 19:18:42.665 [main] INFO  FileAppender - ссылки 	https://lenta.ru/news/2021/11/20/pushkov/
 Threda name : main
2021-11-20 19:18:42.666 [main] INFO  FileAppender - ссылки 	https://lenta.ru/news/2021/11/20/reznikov/
 Threda name : main
2021-11-20 19:18:42.666 [main] INFO  FileAppender - ссылки 	https://lenta.ru/news/2021/11/20/lafleur/
 Threda name : main
2021-11-20 19:18:42.666 [main] INFO  FileAppender - ссылки 	https://lenta.ru/news/2021/11/20/loko_akhmat/
 Threda name : main
2021-11-20 19:18:42.667 [main] INFO  FileAppender - ссылки 	https://lenta.ru/news/2021/11/20/petras/
 Threda name : main
2021-11-20 19:18:42.667 [main] INFO  FileAppender - ссылки 	https://lenta.ru/brief/2021/11/17/33_vargner/
 Threda name : main
2021-11-20 19:18:42.668 [main] INFO  FileAppender - ссылки 	https://lenta.ru/news/2021/11/20/nesreca/
 Threda name : main
2021-11-20 19:18:42.668 [main] INFO  FileAppender - ссылки 	https://lenta.ru/news/2021/11/20/pogran/
 Threda name : main
2021-11-20 19:18:42.669 [main] INFO  FileAppender - ссылки 	https://lenta.ru/articles/2021/11/18/weinstein/
 Threda name : main
2021-11-20 19:18:42.669 [main] INFO  FileAppender - ссылки 	https://lenta.ru/news/2021/11/20/scherbakova/
 Threda name : main
2021-11-20 19:18:42.670 [main] INFO  FileAppender - ссылки 	https://lenta.ru/news/2021/11/20/zrada_or_peremoga/
 Threda name : main
2021-11-20 19:18:42.670 [main] INFO  FileAppender - ссылки 	https://lenta.ru/news/2021/11/20/srkv/
 Threda name : main
2021-11-20 19:18:42.670 [main] INFO  FileAppender - ссылки 	https://lenta.ru/news/2021/11/20/kutuzovsky/
 Threda name : main
2021-11-20 19:18:42.671 [main] INFO  FileAppender - ссылки 	https://lenta.ru/news/2021/11/20/kry_ural/
 Threda name : main
2021-11-20 19:18:42.671 [main] INFO  FileAppender - ссылки 	https://lenta.ru/news/2021/11/20/paris/
 Threda name : main
2021-11-20 19:18:42.672 [main] INFO  FileAppender - ссылки 	https://lenta.ru/articles/2021/11/17/svag/
 Threda name : main
2021-11-20 19:18:42.672 [main] INFO  FileAppender - ссылки 	https://lenta.ru/parts/currency/usd/
 Threda name : main
2021-11-20 19:18:42.672 [main] INFO  FileAppender - ссылки 	https://lenta.ru/parts/currency/eur/
 Threda name : main
2021-11-20 19:18:42.673 [main] INFO  FileAppender - ссылки 	https://lenta.ru/news/2021/11/20/kutuzovsky2/
 Threda name : main
2021-11-20 19:18:42.673 [main] INFO  FileAppender - ссылки 	https://lenta.ru/news/2021/11/20/garkalin/
 Threda name : main
2021-11-20 19:18:42.673 [main] INFO  FileAppender - ссылки 	https://lenta.ru/news/2021/11/20/said/
 Threda name : main
2021-11-20 19:18:42.674 [main] INFO  FileAppender - ссылки 	https://lenta.ru/news/2021/11/20/surkov/
 Threda name : main
2021-11-20 19:18:42.674 [main] INFO  FileAppender - ссылки 	https://lenta.ru/news/2021/11/20/putin/
 Threda name : main
2021-11-20 19:18:42.675 [main] INFO  FileAppender - ссылки 	https://lenta.ru/news/2021/11/20/invasion/
 Threda name : main
2021-11-20 19:18:42.675 [main] INFO  FileAppender - ссылки 	https://lenta.ru/news/2021/11/20/polior/
 Threda name : main
2021-11-20 19:18:42.675 [main] INFO  FileAppender - ссылки 	https://lenta.ru/news/2021/11/20/biden/
 Threda name : main
2021-11-20 19:18:42.676 [main] INFO  FileAppender - ссылки 	https://lenta.ru/news/2021/11/20/nepriznaiy/
 Threda name : main
2021-11-20 19:18:42.676 [main] INFO  FileAppender - ссылки 	https://lenta.ru/news/2021/11/20/kanowski/
 Threda name : main
2021-11-20 19:18:42.677 [main] INFO  FileAppender - ссылки 	https://lenta.ru/articles/2021/11/20/against_discrimination/
 Threda name : main
2021-11-20 19:18:42.677 [main] INFO  FileAppender - ссылки 	https://lenta.ru/news/2021/11/20/bloggger_mos/
 Threda name : main
2021-11-20 19:18:42.677 [main] INFO  FileAppender - ссылки 	https://lenta.ru/articles/2021/11/19/vvz/
 Threda name : main
2021-11-20 19:18:42.678 [main] INFO  FileAppender - ссылки 	https://lenta.ru/news/2021/11/20/after_covid/
 Threda name : main
2021-11-20 19:18:42.678 [main] INFO  FileAppender - ссылки 	https://lenta.ru/news/2021/11/20/ok/
 Threda name : main
2021-11-20 19:18:42.678 [main] INFO  FileAppender - ссылки 	https://lenta.ru/articles/2021/11/20/spor/
 Threda name : main
2021-11-20 19:18:42.679 [main] INFO  FileAppender - ссылки 	https://lenta.ru/extlink/2021/11/17/moskva_armen/
 Threda name : main
2021-11-20 19:18:42.679 [main] INFO  FileAppender - ссылки 	https://lenta.ru/articles/2021/11/17/radfem_movement/
 Threda name : main
2021-11-20 19:18:42.679 [main] INFO  FileAppender - ссылки 	https://lenta.ru/themes/2021/10/31/firstworld_problems/
 Threda name : main
2021-11-20 19:18:42.680 [main] INFO  FileAppender - ссылки 	https://lenta.ru/articles/2021/11/16/james_lindsay/
 Threda name : main
2021-11-20 19:18:42.680 [main] INFO  FileAppender - ссылки 	https://lenta.ru/articles/2021/11/13/populisti/
 Threda name : main
2021-11-20 19:18:42.681 [main] INFO  FileAppender - ссылки 	https://lenta.ru/themes/2021/10/06/30_let/
 Threda name : main
2021-11-20 19:18:42.682 [main] INFO  FileAppender - ссылки 	https://lenta.ru/brief/2021/11/16/arm_az/
 Threda name : main
2021-11-20 19:18:42.682 [main] INFO  FileAppender - ссылки 	https://lenta.ru/news/2021/11/19/vrub/
 Threda name : main
2021-11-20 19:18:42.682 [main] INFO  FileAppender - ссылки 	https://lenta.ru/news/2021/11/19/fin/
 Threda name : main
2021-11-20 19:18:42.683 [main] INFO  FileAppender - ссылки 	https://lenta.ru/articles/2021/10/31/halyal/
 Threda name : main
2021-11-20 19:18:42.684 [main] INFO  FileAppender - ссылки 	https://lenta.ru/news/2021/11/19/sokolov/
 Threda name : main
2021-11-20 19:18:42.685 [main] INFO  FileAppender - ссылки 	https://lenta.ru/articles/2021/11/11/stable/
 Threda name : main
2021-11-20 19:18:42.685 [main] INFO  FileAppender - ссылки 	https://lenta.ru/news/2021/11/19/index/
 Threda name : main
2021-11-20 19:18:42.685 [main] INFO  FileAppender - ссылки 	https://lenta.ru/news/2021/11/19/stata/
 Threda name : main
2021-11-20 19:18:42.686 [main] INFO  FileAppender - ссылки 	https://lenta.ru/news/2021/11/19/lawyer/
 Threda name : main
2021-11-20 19:18:42.686 [main] INFO  FileAppender - ссылки 	https://lenta.ru/news/2021/11/19/dom/
 Threda name : main
2021-11-20 19:18:42.687 [main] INFO  FileAppender - ссылки 	https://lenta.ru/themes/2021/11/08/security/
 Threda name : main
2021-11-20 19:18:42.687 [main] INFO  FileAppender - ссылки 	https://lenta.ru/news/2021/11/19/prigovor/
 Threda name : main
2021-11-20 19:18:42.688 [main] INFO  FileAppender - ссылки 	https://lenta.ru/articles/2021/11/13/univermag/
 Threda name : main
2021-11-20 19:18:42.688 [main] INFO  FileAppender - ссылки 	https://lenta.ru/news/2021/11/19/smart/
 Threda name : main
2021-11-20 19:18:42.689 [main] INFO  FileAppender - ссылки 	https://lenta.ru/news/2021/11/19/winamp/
 Threda name : main
2021-11-20 19:18:42.689 [main] INFO  FileAppender - ссылки 	https://lenta.ru/news/2021/11/19/rodentsars/
 Threda name : main
2021-11-20 19:18:42.690 [main] INFO  FileAppender - ссылки 	https://lenta.ru/news/2021/11/19/pro/
 Threda name : main
2021-11-20 19:18:42.690 [main] INFO  FileAppender - ссылки 	https://lenta.ru/news/2021/11/20/valuev/
 Threda name : main
2021-11-20 19:18:42.691 [main] INFO  FileAppender - ссылки 	https://lenta.ru/news/2021/11/20/jurova/
 Threda name : main
2021-11-20 19:18:42.691 [main] INFO  FileAppender - ссылки 	https://lenta.ru/articles/2021/11/14/russiacroatia/
 Threda name : main
2021-11-20 19:18:42.691 [main] INFO  FileAppender - ссылки 	https://lenta.ru/news/2021/11/20/yan_conor/
 Threda name : main
2021-11-20 19:18:42.692 [main] INFO  FileAppender - ссылки 	https://lenta.ru/articles/2021/11/20/derby/
 Threda name : main
2021-11-20 19:18:42.692 [main] INFO  FileAppender - ссылки 	https://lenta.ru/news/2021/11/20/adeliya/
 Threda name : main
2021-11-20 19:18:42.693 [main] INFO  FileAppender - ссылки 	https://lenta.ru/news/2021/11/20/litso/
 Threda name : main
2021-11-20 19:18:42.693 [main] INFO  FileAppender - ссылки 	https://lenta.ru/news/2021/11/19/adele30/
 Threda name : main
2021-11-20 19:18:42.693 [main] INFO  FileAppender - ссылки 	https://lenta.ru/articles/2021/11/16/rtvi/
 Threda name : main
2021-11-20 19:18:42.694 [main] INFO  FileAppender - ссылки 	https://lenta.ru/news/2021/11/19/malysheva/
 Threda name : main
2021-11-20 19:18:42.694 [main] INFO  FileAppender - ссылки 	https://lenta.ru/news/2021/11/19/antibiotiki/
 Threda name : main
2021-11-20 19:18:42.694 [main] INFO  FileAppender - ссылки 	https://lenta.ru/news/2021/11/19/badanin/
 Threda name : main
2021-11-20 19:18:42.694 [main] INFO  FileAppender - ссылки 	https://lenta.ru/news/2021/11/19/bogomolov/
 Threda name : main
2021-11-20 19:18:42.696 [main] INFO  FileAppender - ссылки 	https://lenta.ru/news/2021/11/15/sudlv/
 Threda name : main
2021-11-20 19:18:42.696 [main] INFO  FileAppender - ссылки 	https://lenta.ru/articles/2021/11/14/karimovlife/
 Threda name : main
2021-11-20 19:18:42.697 [main] INFO  FileAppender - ссылки 	https://lenta.ru/news/2021/11/15/nomoreblond/
 Threda name : main
2021-11-20 19:18:42.697 [main] INFO  FileAppender - ссылки 	https://lenta.ru/news/2021/11/15/popsugarmtv/
 Threda name : main
2021-11-20 19:18:42.697 [main] INFO  FileAppender - ссылки 	https://lenta.ru/articles/2021/11/10/nina_vagina/
 Threda name : main
2021-11-20 19:18:42.697 [main] INFO  FileAppender - ссылки 	https://lenta.ru/articles/2021/11/04/fashion/
 Threda name : main
2021-11-20 19:18:42.697 [main] INFO  FileAppender - ссылки 	https://lenta.ru/articles/2021/10/13/jerry/
 Threda name : main
2021-11-20 19:18:42.697 [main] INFO  FileAppender - ссылки 	https://lenta.ru/articles/2021/10/03/fawcett/
 Threda name : main
2021-11-20 19:18:42.697 [main] INFO  FileAppender - ссылки 	https://lenta.ru/news/2021/11/19/best_beer/
 Threda name : main
2021-11-20 19:18:42.697 [main] INFO  FileAppender - ссылки 	https://lenta.ru/news/2021/11/19/message/
 Threda name : main
2021-11-20 19:18:42.697 [main] INFO  FileAppender - ссылки 	https://lenta.ru/articles/2021/11/16/muranishi/
 Threda name : main
2021-11-20 19:18:42.697 [main] INFO  FileAppender - ссылки 	https://lenta.ru/news/2021/11/19/soviet_beer/
 Threda name : main
2021-11-20 19:18:42.700 [main] INFO  FileAppender - ссылки 	https://lenta.ru/articles/2021/11/11/israel/
 Threda name : main
2021-11-20 19:18:42.701 [main] INFO  FileAppender - ссылки 	https://lenta.ru/news/2021/11/19/tragedy/
 Threda name : main
2021-11-20 19:18:42.701 [main] INFO  FileAppender - ссылки 	https://lenta.ru/rubrics/motor/
 Threda name : main
2021-11-20 19:18:42.702 [main] INFO  FileAppender - ссылки 	https://lenta.ru/articles/2021/11/09/work/
 Threda name : main
2021-11-20 19:18:42.702 [main] INFO  FileAppender - ссылки 	https://lenta.ru/articles/2021/11/07/ecosex/
 Threda name : main
2021-11-20 19:18:42.703 [main] INFO  FileAppender - ссылки 	https://lenta.ru/articles/2021/11/05/eco/
 Threda name : main
2021-11-20 19:18:42.703 [main] INFO  FileAppender - ссылки 	https://lenta.ru/articles/2021/11/02/obshtrans/
 Threda name : main
2021-11-20 19:18:42.704 [main] INFO  FileAppender - ссылки 	https://lenta.ru/rubrics/np/
 Threda name : main
2021-11-20 19:18:42.704 [main] INFO  FileAppender - ссылки 	https://lenta.ru/news/2020/12/30/vozrast/
 Threda name : main
2021-11-20 19:18:42.704 [main] INFO  FileAppender - ссылки 	https://lenta.ru/articles/2020/12/28/cifrr/
 Threda name : main
2021-11-20 19:18:42.705 [main] INFO  FileAppender - ссылки 	https://lenta.ru/news/2020/12/30/attestats/
 Threda name : main
2021-11-20 19:18:42.705 [main] INFO  FileAppender - ссылки 	https://lenta.ru/articles/2020/12/20/domashka/
 Threda name : main
2021-11-20 19:18:42.706 [main] INFO  FileAppender - ссылки 	https://lenta.ru/news/2020/12/30/dorogiprim/
 Threda name : main
2021-11-20 19:18:42.706 [main] INFO  FileAppender - ссылки 	https://lenta.ru/articles/2020/12/19/samozan/
 Threda name : main
2021-11-20 19:18:42.707 [main] INFO  FileAppender - ссылки 	https://lenta.ru/news/2020/12/30/novosib/
 Threda name : main
2021-11-20 19:18:42.707 [main] INFO  FileAppender - ссылки 	https://lenta.ru/rubrics/mycountry/
 Threda name : main
2021-11-20 19:18:42.708 [main] INFO  FileAppender - ссылки 	https://lenta.ru/articles/2021/11/16/nevelskoi/
 Threda name : main
2021-11-20 19:18:42.708 [main] INFO  FileAppender - ссылки 	https://lenta.ru/articles/2021/11/20/baltic/
 Threda name : main
2021-11-20 19:18:42.708 [main] INFO  FileAppender - ссылки 	https://lenta.ru/news/2021/11/19/neftanik_nastoiki/
 Threda name : main
2021-11-20 19:18:42.709 [main] INFO  FileAppender - ссылки 	https://lenta.ru/articles/2021/10/09/crimea/
 Threda name : main
2021-11-20 19:18:42.709 [main] INFO  FileAppender - ссылки 	https://lenta.ru/articles/2021/11/19/murmarch/
 Threda name : main
2021-11-20 19:18:42.710 [main] INFO  FileAppender - ссылки 	https://lenta.ru/news/2021/11/19/edinenue/
 Threda name : main
2021-11-20 19:18:42.710 [main] INFO  FileAppender - ссылки 	https://lenta.ru/articles/2021/11/18/smolensk/
 Threda name : main
2021-11-20 19:18:42.710 [main] INFO  FileAppender - ссылки 	https://lenta.ru/info/
 Threda name : main
2021-11-20 19:18:42.711 [main] INFO  FileAppender - ссылки 	https://lenta.ru/info/posts/sales
 Threda name : main
2021-11-20 19:18:42.711 [main] INFO  FileAppender - ссылки 	https://lenta.ru/parts/pressreleases/
 Threda name : main
2021-11-20 19:18:42.712 [main] INFO  FileAppender - ссылки 	https://lenta.ru/specprojects/
 Threda name : main
2021-11-20 19:18:42.712 [main] INFO  FileAppender - ссылки 	https://lenta.ru/rss
 Threda name : main
2021-11-20 19:37:56.503 [main] INFO  FileAppender - ссылки https://lenta.ru/
 Thread name : main
2021-11-20 19:38:55.152 [main] INFO  FileAppender - ссылки https://lenta.ru/
 Thread name : main
2021-11-20 23:52:21.398 [main] INFO  FileAppender - ссылки https://lenta.ru/
 Thread name : main
2021-11-22 19:57:34.672 [main] INFO  FileAppender - ссылки https://lenta.ru/
 Thread name : main
2021-11-22 19:57:59.467 [main] INFO  FileAppender - ссылки https://lenta.ru/
 Thread name : main
2021-11-30 22:29:43.522 [main] INFO  FileAppender - ссылки https://sendel.ru/
 Thread name : main
2021-11-30 22:30:06.076 [main] INFO  FileAppender - ссылки https://sendel.ru/
 Thread name : main
2021-11-30 22:43:23.794 [main] INFO  FileAppender - ссылки https://sendel.ru/
 Thread name : main
2021-12-07 18:46:33.323 [main] INFO  FileAppender - ссылки https://yandex.ru/
 Thread name : main
2021-12-07 18:47:23.419 [main] INFO  FileAppender - ссылки https://yandex.ru/
 Thread name : main
2021-12-07 18:48:30.684 [main] INFO  FileAppender - ссылки https://yandex.ru/
 Thread name : main
2021-12-07 18:56:13.789 [main] INFO  FileAppender - ссылки https://yandex.ru/
 Thread name : main
2021-12-07 19:00:20.995 [main] INFO  FileAppender - ссылки https://yandex.ru/
 Thread name : main
2021-12-07 19:02:12.017 [main] INFO  FileAppender - ссылки https://yandex.ru/
 Thread name : main
2021-12-07 19:04:25.216 [main] INFO  FileAppender - ссылки https://yandex.ru/
 Thread name : main
2021-12-07 19:04:46.523 [main] INFO  FileAppender - ссылки https://skillbox.ru/
 Thread name : main
2021-12-07 19:10:26.928 [main] INFO  FileAppender - ссылки https://skillbox.ru/
 Thread name : main
2021-12-07 19:11:12.429 [main] INFO  FileAppender - ссылки https://skillbox.ru/
 Thread name : main
2021-12-07 19:11:23.507 [main] INFO  FileAppender - ссылки https://skillbox.ru/
 Thread name : main
2021-12-07 19:36:41.212 [main] INFO  FileAppender - ссылки https://skillbox.ru/
 Thread name : main
2021-12-08 17:30:15.102 [main] INFO  FileAppender - ссылки https://skillbox.ru/
 Thread name : main
2021-12-08 17:30:31.960 [main] INFO  FileAppender - ссылки https://yandex.ru/
 Thread name : main
2021-12-08 17:33:52.444 [main] INFO  FileAppender - ссылки https://yandex.ru/
 Thread name : main
2021-12-08 17:34:14.486 [main] INFO  FileAppender - ссылки https://yandex.ru/
 Thread name : main
2021-12-12 18:16:50.586 [main] INFO  FileAppender - ссылки https://yandex.ru
 Thread name : main
2021-12-12 18:17:15.850 [main] INFO  FileAppender - ссылки https://yandex.ru
 Thread name : main
2021-12-12 18:19:06.928 [main] INFO  FileAppender - ссылки https://yandex.ru
 Thread name : main
2021-12-12 18:19:50.196 [main] INFO  FileAppender - ссылки https://sendel.ru
 Thread name : main
2021-12-12 18:22:06.999 [main] INFO  FileAppender - ссылки https://sendel.ru
 Thread name : main
